{"numFailedTestSuites":2,"numFailedTests":2,"numPassedTestSuites":1,"numPassedTests":14,"numPendingTestSuites":0,"numPendingTests":0,"numRuntimeErrorTestSuites":0,"numTodoTests":0,"numTotalTestSuites":3,"numTotalTests":16,"openHandles":[],"snapshot":{"added":0,"didUpdate":false,"failure":false,"filesAdded":0,"filesRemoved":0,"filesRemovedList":[],"filesUnmatched":0,"filesUpdated":0,"matched":0,"total":0,"unchecked":0,"uncheckedKeysByFile":[],"unmatched":0,"updated":0},"startTime":1571174920566,"success":false,"testResults":[{"assertionResults":[{"ancestorTitles":[],"failureMessages":["Error: net::ERR_CONNECTION_REFUSED at http://localhost:3000/iframe.html?id=atoms-button-primary-action--button\n    at navigate (/Users/chneider/repos/Connect.Tech2019/node_modules/puppeteer/lib/FrameManager.js:120:37)\n    at process._tickCallback (internal/process/next_tick.js:68:7)\n  -- ASYNC --\n    at Frame.<anonymous> (/Users/chneider/repos/Connect.Tech2019/node_modules/puppeteer/lib/helper.js:111:15)\n    at Page.goto (/Users/chneider/repos/Connect.Tech2019/node_modules/puppeteer/lib/Page.js:674:49)\n    at Page.<anonymous> (/Users/chneider/repos/Connect.Tech2019/node_modules/puppeteer/lib/helper.js:112:23)\n    at _callee$ (/Users/chneider/repos/Connect.Tech2019/src/atom/Button/Button.test.js:3:9)\n    at tryCatch (/Users/chneider/repos/Connect.Tech2019/node_modules/@babel/runtime/node_modules/regenerator-runtime/runtime.js:45:40)\n    at Generator.invoke [as _invoke] (/Users/chneider/repos/Connect.Tech2019/node_modules/@babel/runtime/node_modules/regenerator-runtime/runtime.js:271:22)\n    at Generator.prototype.(anonymous function) [as next] (/Users/chneider/repos/Connect.Tech2019/node_modules/@babel/runtime/node_modules/regenerator-runtime/runtime.js:97:21)\n    at asyncGeneratorStep (/Users/chneider/repos/Connect.Tech2019/node_modules/@babel/runtime/helpers/asyncToGenerator.js:3:24)\n    at _next (/Users/chneider/repos/Connect.Tech2019/node_modules/@babel/runtime/helpers/asyncToGenerator.js:25:9)\n    at /Users/chneider/repos/Connect.Tech2019/node_modules/@babel/runtime/helpers/asyncToGenerator.js:32:7\n  -- ASYNC --\n    at Page.<anonymous> (/Users/chneider/repos/Connect.Tech2019/node_modules/puppeteer/lib/helper.js:111:15)\n    at _callee$ (/Users/chneider/repos/Connect.Tech2019/src/atom/Button/Button.test.js:3:9)\n    at tryCatch (/Users/chneider/repos/Connect.Tech2019/node_modules/@babel/runtime/node_modules/regenerator-runtime/runtime.js:45:40)\n    at Generator.invoke [as _invoke] (/Users/chneider/repos/Connect.Tech2019/node_modules/@babel/runtime/node_modules/regenerator-runtime/runtime.js:271:22)\n    at Generator.prototype.(anonymous function) [as next] (/Users/chneider/repos/Connect.Tech2019/node_modules/@babel/runtime/node_modules/regenerator-runtime/runtime.js:97:21)\n    at asyncGeneratorStep (/Users/chneider/repos/Connect.Tech2019/node_modules/@babel/runtime/helpers/asyncToGenerator.js:3:24)\n    at _next (/Users/chneider/repos/Connect.Tech2019/node_modules/@babel/runtime/helpers/asyncToGenerator.js:25:9)\n    at /Users/chneider/repos/Connect.Tech2019/node_modules/@babel/runtime/helpers/asyncToGenerator.js:32:7\n    at new Promise (<anonymous>)\n    at Object.<anonymous> (/Users/chneider/repos/Connect.Tech2019/node_modules/@babel/runtime/helpers/asyncToGenerator.js:21:12)"],"fullName":"Button: Image Diff","location":null,"status":"failed","title":"Button: Image Diff"}],"endTime":1571174923428,"message":"\u001b[1m\u001b[31m  \u001b[1m● \u001b[1mButton: Image Diff\u001b[39m\u001b[22m\n\n    net::ERR_CONNECTION_REFUSED at http://localhost:3000/iframe.html?id=atoms-button-primary-action--button\n\u001b[2m\u001b[22m\n\u001b[2m    \u001b[0m \u001b[90m 1 | \u001b[39mtest(\u001b[32m'Button: Image Diff'\u001b[39m\u001b[33m,\u001b[39m async () \u001b[33m=>\u001b[39m {\u001b[0m\u001b[22m\n\u001b[2m    \u001b[0m \u001b[90m 2 | \u001b[39m  \u001b[90m// APIs from jest-puppeteer\u001b[39m\u001b[0m\u001b[22m\n\u001b[2m    \u001b[0m\u001b[31m\u001b[1m>\u001b[2m\u001b[39m\u001b[90m 3 | \u001b[39m  await page\u001b[33m.\u001b[39mgoto(\u001b[32m'http://localhost:3000/iframe.html?id=atoms-button-primary-action--button'\u001b[39m)\u001b[33m;\u001b[39m\u001b[0m\u001b[22m\n\u001b[2m    \u001b[0m \u001b[90m   | \u001b[39m        \u001b[31m\u001b[1m^\u001b[2m\u001b[39m\u001b[0m\u001b[22m\n\u001b[2m    \u001b[0m \u001b[90m 4 | \u001b[39m  \u001b[36mconst\u001b[39m image \u001b[33m=\u001b[39m await page\u001b[33m.\u001b[39mscreenshot()\u001b[33m;\u001b[39m\u001b[0m\u001b[22m\n\u001b[2m    \u001b[0m \u001b[90m 5 | \u001b[39m\u001b[0m\u001b[22m\n\u001b[2m    \u001b[0m \u001b[90m 6 | \u001b[39m  \u001b[90m// API from jest-image-snapshot\u001b[39m\u001b[0m\u001b[22m\n\u001b[2m\u001b[22m\n\u001b[2m      \u001b[2mat navigate (\u001b[2mnode_modules/puppeteer/lib/FrameManager.js\u001b[2m:120:37)\u001b[2m\u001b[22m\n\u001b[2m        -- ASYNC --\u001b[22m\n\u001b[2m      \u001b[2mat Frame.<anonymous> (\u001b[2mnode_modules/puppeteer/lib/helper.js\u001b[2m:111:15)\u001b[2m\u001b[22m\n\u001b[2m      \u001b[2mat Page.goto (\u001b[2mnode_modules/puppeteer/lib/Page.js\u001b[2m:674:49)\u001b[2m\u001b[22m\n\u001b[2m      \u001b[2mat Page.<anonymous> (\u001b[2mnode_modules/puppeteer/lib/helper.js\u001b[2m:112:23)\u001b[2m\u001b[22m\n\u001b[2m      \u001b[2mat _callee$ (\u001b[2m\u001b[0m\u001b[36msrc/atom/Button/Button.test.js\u001b[39m\u001b[0m\u001b[2m:3:9)\u001b[2m\u001b[22m\n\u001b[2m      \u001b[2mat tryCatch (\u001b[2mnode_modules/@babel/runtime/node_modules/regenerator-runtime/runtime.js\u001b[2m:45:40)\u001b[2m\u001b[22m\n\u001b[2m      \u001b[2mat Generator.invoke [as _invoke] (\u001b[2mnode_modules/@babel/runtime/node_modules/regenerator-runtime/runtime.js\u001b[2m:271:22)\u001b[2m\u001b[22m\n\u001b[2m      \u001b[2mat Generator.prototype.(anonymous function) [as next] (\u001b[2mnode_modules/@babel/runtime/node_modules/regenerator-runtime/runtime.js\u001b[2m:97:21)\u001b[2m\u001b[22m\n\u001b[2m      \u001b[2mat asyncGeneratorStep (\u001b[2mnode_modules/@babel/runtime/helpers/asyncToGenerator.js\u001b[2m:3:24)\u001b[2m\u001b[22m\n\u001b[2m      \u001b[2mat _next (\u001b[2mnode_modules/@babel/runtime/helpers/asyncToGenerator.js\u001b[2m:25:9)\u001b[2m\u001b[22m\n\u001b[2m      \u001b[2mat \u001b[2mnode_modules/@babel/runtime/helpers/asyncToGenerator.js\u001b[2m:32:7\u001b[2m\u001b[22m\n\u001b[2m        -- ASYNC --\u001b[22m\n\u001b[2m      \u001b[2mat Page.<anonymous> (\u001b[2mnode_modules/puppeteer/lib/helper.js\u001b[2m:111:15)\u001b[2m\u001b[22m\n\u001b[2m      \u001b[2mat _callee$ (\u001b[2m\u001b[0m\u001b[36msrc/atom/Button/Button.test.js\u001b[39m\u001b[0m\u001b[2m:3:9)\u001b[2m\u001b[22m\n\u001b[2m      \u001b[2mat tryCatch (\u001b[2mnode_modules/@babel/runtime/node_modules/regenerator-runtime/runtime.js\u001b[2m:45:40)\u001b[2m\u001b[22m\n\u001b[2m      \u001b[2mat Generator.invoke [as _invoke] (\u001b[2mnode_modules/@babel/runtime/node_modules/regenerator-runtime/runtime.js\u001b[2m:271:22)\u001b[2m\u001b[22m\n\u001b[2m      \u001b[2mat Generator.prototype.(anonymous function) [as next] (\u001b[2mnode_modules/@babel/runtime/node_modules/regenerator-runtime/runtime.js\u001b[2m:97:21)\u001b[2m\u001b[22m\n\u001b[2m      \u001b[2mat asyncGeneratorStep (\u001b[2mnode_modules/@babel/runtime/helpers/asyncToGenerator.js\u001b[2m:3:24)\u001b[2m\u001b[22m\n\u001b[2m      \u001b[2mat _next (\u001b[2mnode_modules/@babel/runtime/helpers/asyncToGenerator.js\u001b[2m:25:9)\u001b[2m\u001b[22m\n\u001b[2m      \u001b[2mat \u001b[2mnode_modules/@babel/runtime/helpers/asyncToGenerator.js\u001b[2m:32:7\u001b[2m\u001b[22m\n\u001b[2m      \u001b[2mat Object.<anonymous> (\u001b[2mnode_modules/@babel/runtime/helpers/asyncToGenerator.js\u001b[2m:21:12)\u001b[2m\u001b[22m\n","name":"/Users/chneider/repos/Connect.Tech2019/src/atom/Button/Button.test.js","startTime":1571174921207,"status":"failed","summary":""},{"assertionResults":[{"ancestorTitles":[],"failureMessages":["Error: net::ERR_CONNECTION_REFUSED at http://localhost:3000/iframe.html?id=organisms-modules-dailyforecast--default\n    at navigate (/Users/chneider/repos/Connect.Tech2019/node_modules/puppeteer/lib/FrameManager.js:120:37)\n    at process._tickCallback (internal/process/next_tick.js:68:7)\n  -- ASYNC --\n    at Frame.<anonymous> (/Users/chneider/repos/Connect.Tech2019/node_modules/puppeteer/lib/helper.js:111:15)\n    at Page.goto (/Users/chneider/repos/Connect.Tech2019/node_modules/puppeteer/lib/Page.js:674:49)\n    at Page.<anonymous> (/Users/chneider/repos/Connect.Tech2019/node_modules/puppeteer/lib/helper.js:112:23)\n    at _callee$ (/Users/chneider/repos/Connect.Tech2019/src/organism/DailyForecast/DailyForecast.test.js:3:9)\n    at tryCatch (/Users/chneider/repos/Connect.Tech2019/node_modules/@babel/runtime/node_modules/regenerator-runtime/runtime.js:45:40)\n    at Generator.invoke [as _invoke] (/Users/chneider/repos/Connect.Tech2019/node_modules/@babel/runtime/node_modules/regenerator-runtime/runtime.js:271:22)\n    at Generator.prototype.(anonymous function) [as next] (/Users/chneider/repos/Connect.Tech2019/node_modules/@babel/runtime/node_modules/regenerator-runtime/runtime.js:97:21)\n    at asyncGeneratorStep (/Users/chneider/repos/Connect.Tech2019/node_modules/@babel/runtime/helpers/asyncToGenerator.js:3:24)\n    at _next (/Users/chneider/repos/Connect.Tech2019/node_modules/@babel/runtime/helpers/asyncToGenerator.js:25:9)\n    at /Users/chneider/repos/Connect.Tech2019/node_modules/@babel/runtime/helpers/asyncToGenerator.js:32:7\n  -- ASYNC --\n    at Page.<anonymous> (/Users/chneider/repos/Connect.Tech2019/node_modules/puppeteer/lib/helper.js:111:15)\n    at _callee$ (/Users/chneider/repos/Connect.Tech2019/src/organism/DailyForecast/DailyForecast.test.js:3:9)\n    at tryCatch (/Users/chneider/repos/Connect.Tech2019/node_modules/@babel/runtime/node_modules/regenerator-runtime/runtime.js:45:40)\n    at Generator.invoke [as _invoke] (/Users/chneider/repos/Connect.Tech2019/node_modules/@babel/runtime/node_modules/regenerator-runtime/runtime.js:271:22)\n    at Generator.prototype.(anonymous function) [as next] (/Users/chneider/repos/Connect.Tech2019/node_modules/@babel/runtime/node_modules/regenerator-runtime/runtime.js:97:21)\n    at asyncGeneratorStep (/Users/chneider/repos/Connect.Tech2019/node_modules/@babel/runtime/helpers/asyncToGenerator.js:3:24)\n    at _next (/Users/chneider/repos/Connect.Tech2019/node_modules/@babel/runtime/helpers/asyncToGenerator.js:25:9)\n    at /Users/chneider/repos/Connect.Tech2019/node_modules/@babel/runtime/helpers/asyncToGenerator.js:32:7\n    at new Promise (<anonymous>)\n    at Object.<anonymous> (/Users/chneider/repos/Connect.Tech2019/node_modules/@babel/runtime/helpers/asyncToGenerator.js:21:12)"],"fullName":"DailyForecast: Image Diff","location":null,"status":"failed","title":"DailyForecast: Image Diff"}],"endTime":1571174923434,"message":"\u001b[1m\u001b[31m  \u001b[1m● \u001b[1mDailyForecast: Image Diff\u001b[39m\u001b[22m\n\n    net::ERR_CONNECTION_REFUSED at http://localhost:3000/iframe.html?id=organisms-modules-dailyforecast--default\n\u001b[2m\u001b[22m\n\u001b[2m    \u001b[0m \u001b[90m 1 | \u001b[39mtest(\u001b[32m'DailyForecast: Image Diff'\u001b[39m\u001b[33m,\u001b[39m async () \u001b[33m=>\u001b[39m {\u001b[0m\u001b[22m\n\u001b[2m    \u001b[0m \u001b[90m 2 | \u001b[39m  \u001b[90m// APIs from jest-puppeteer\u001b[39m\u001b[0m\u001b[22m\n\u001b[2m    \u001b[0m\u001b[31m\u001b[1m>\u001b[2m\u001b[39m\u001b[90m 3 | \u001b[39m  await page\u001b[33m.\u001b[39mgoto(\u001b[32m'http://localhost:3000/iframe.html?id=organisms-modules-dailyforecast--default'\u001b[39m)\u001b[33m;\u001b[39m\u001b[0m\u001b[22m\n\u001b[2m    \u001b[0m \u001b[90m   | \u001b[39m        \u001b[31m\u001b[1m^\u001b[2m\u001b[39m\u001b[0m\u001b[22m\n\u001b[2m    \u001b[0m \u001b[90m 4 | \u001b[39m  await page\u001b[33m.\u001b[39msetViewport({width\u001b[33m:\u001b[39m \u001b[35m375\u001b[39m\u001b[33m,\u001b[39m height\u001b[33m:\u001b[39m \u001b[35m667\u001b[39m})\u001b[33m;\u001b[39m\u001b[0m\u001b[22m\n\u001b[2m    \u001b[0m \u001b[90m 5 | \u001b[39m  \u001b[36mconst\u001b[39m image \u001b[33m=\u001b[39m await page\u001b[33m.\u001b[39mscreenshot({fullPage\u001b[33m:\u001b[39m \u001b[36mtrue\u001b[39m})\u001b[33m;\u001b[39m\u001b[0m\u001b[22m\n\u001b[2m    \u001b[0m \u001b[90m 6 | \u001b[39m\u001b[0m\u001b[22m\n\u001b[2m\u001b[22m\n\u001b[2m      \u001b[2mat navigate (\u001b[2mnode_modules/puppeteer/lib/FrameManager.js\u001b[2m:120:37)\u001b[2m\u001b[22m\n\u001b[2m        -- ASYNC --\u001b[22m\n\u001b[2m      \u001b[2mat Frame.<anonymous> (\u001b[2mnode_modules/puppeteer/lib/helper.js\u001b[2m:111:15)\u001b[2m\u001b[22m\n\u001b[2m      \u001b[2mat Page.goto (\u001b[2mnode_modules/puppeteer/lib/Page.js\u001b[2m:674:49)\u001b[2m\u001b[22m\n\u001b[2m      \u001b[2mat Page.<anonymous> (\u001b[2mnode_modules/puppeteer/lib/helper.js\u001b[2m:112:23)\u001b[2m\u001b[22m\n\u001b[2m      \u001b[2mat _callee$ (\u001b[2m\u001b[0m\u001b[36msrc/organism/DailyForecast/DailyForecast.test.js\u001b[39m\u001b[0m\u001b[2m:3:9)\u001b[2m\u001b[22m\n\u001b[2m      \u001b[2mat tryCatch (\u001b[2mnode_modules/@babel/runtime/node_modules/regenerator-runtime/runtime.js\u001b[2m:45:40)\u001b[2m\u001b[22m\n\u001b[2m      \u001b[2mat Generator.invoke [as _invoke] (\u001b[2mnode_modules/@babel/runtime/node_modules/regenerator-runtime/runtime.js\u001b[2m:271:22)\u001b[2m\u001b[22m\n\u001b[2m      \u001b[2mat Generator.prototype.(anonymous function) [as next] (\u001b[2mnode_modules/@babel/runtime/node_modules/regenerator-runtime/runtime.js\u001b[2m:97:21)\u001b[2m\u001b[22m\n\u001b[2m      \u001b[2mat asyncGeneratorStep (\u001b[2mnode_modules/@babel/runtime/helpers/asyncToGenerator.js\u001b[2m:3:24)\u001b[2m\u001b[22m\n\u001b[2m      \u001b[2mat _next (\u001b[2mnode_modules/@babel/runtime/helpers/asyncToGenerator.js\u001b[2m:25:9)\u001b[2m\u001b[22m\n\u001b[2m      \u001b[2mat \u001b[2mnode_modules/@babel/runtime/helpers/asyncToGenerator.js\u001b[2m:32:7\u001b[2m\u001b[22m\n\u001b[2m        -- ASYNC --\u001b[22m\n\u001b[2m      \u001b[2mat Page.<anonymous> (\u001b[2mnode_modules/puppeteer/lib/helper.js\u001b[2m:111:15)\u001b[2m\u001b[22m\n\u001b[2m      \u001b[2mat _callee$ (\u001b[2m\u001b[0m\u001b[36msrc/organism/DailyForecast/DailyForecast.test.js\u001b[39m\u001b[0m\u001b[2m:3:9)\u001b[2m\u001b[22m\n\u001b[2m      \u001b[2mat tryCatch (\u001b[2mnode_modules/@babel/runtime/node_modules/regenerator-runtime/runtime.js\u001b[2m:45:40)\u001b[2m\u001b[22m\n\u001b[2m      \u001b[2mat Generator.invoke [as _invoke] (\u001b[2mnode_modules/@babel/runtime/node_modules/regenerator-runtime/runtime.js\u001b[2m:271:22)\u001b[2m\u001b[22m\n\u001b[2m      \u001b[2mat Generator.prototype.(anonymous function) [as next] (\u001b[2mnode_modules/@babel/runtime/node_modules/regenerator-runtime/runtime.js\u001b[2m:97:21)\u001b[2m\u001b[22m\n\u001b[2m      \u001b[2mat asyncGeneratorStep (\u001b[2mnode_modules/@babel/runtime/helpers/asyncToGenerator.js\u001b[2m:3:24)\u001b[2m\u001b[22m\n\u001b[2m      \u001b[2mat _next (\u001b[2mnode_modules/@babel/runtime/helpers/asyncToGenerator.js\u001b[2m:25:9)\u001b[2m\u001b[22m\n\u001b[2m      \u001b[2mat \u001b[2mnode_modules/@babel/runtime/helpers/asyncToGenerator.js\u001b[2m:32:7\u001b[2m\u001b[22m\n\u001b[2m      \u001b[2mat Object.<anonymous> (\u001b[2mnode_modules/@babel/runtime/helpers/asyncToGenerator.js\u001b[2m:21:12)\u001b[2m\u001b[22m\n","name":"/Users/chneider/repos/Connect.Tech2019/src/organism/DailyForecast/DailyForecast.test.js","startTime":1571174921209,"status":"failed","summary":""},{"assertionResults":[{"ancestorTitles":[],"failureMessages":[],"fullName":"Converts Base Image URL to HTTPS","location":null,"status":"passed","title":"Converts Base Image URL to HTTPS"},{"ancestorTitles":[],"failureMessages":[],"fullName":"Strip deprecated query params from Base Image URL","location":null,"status":"passed","title":"Strip deprecated query params from Base Image URL"},{"ancestorTitles":[],"failureMessages":[],"fullName":"Convert deprecated domains to Fastly (s.w-x.co)","location":null,"status":"passed","title":"Convert deprecated domains to Fastly (s.w-x.co)"},{"ancestorTitles":[],"failureMessages":[],"fullName":"URI encode image src","location":null,"status":"passed","title":"URI encode image src"},{"ancestorTitles":[],"failureMessages":[],"fullName":"Provide a default srcset and fallback src for SSR images","location":null,"status":"passed","title":"Provide a default srcset and fallback src for SSR images"},{"ancestorTitles":[],"failureMessages":[],"fullName":"Allow srcSet over-ride for SSR","location":null,"status":"passed","title":"Allow srcSet over-ride for SSR"},{"ancestorTitles":[],"failureMessages":[],"fullName":"Lazy images should have not have src or srcSet defined on load","location":null,"status":"passed","title":"Lazy images should have not have src or srcSet defined on load"},{"ancestorTitles":[],"failureMessages":[],"fullName":"Animated GIF src should be cropped but not have srcSet, sizes, or any Url options","location":null,"status":"passed","title":"Animated GIF src should be cropped but not have srcSet, sizes, or any Url options"},{"ancestorTitles":[],"failureMessages":[],"fullName":"Lazy Image should calculate closest Image breakpoint width","location":null,"status":"passed","title":"Lazy Image should calculate closest Image breakpoint width"},{"ancestorTitles":[],"failureMessages":[],"fullName":"Should warn if width is not a valid breakpoint","location":null,"status":"passed","title":"Should warn if width is not a valid breakpoint"},{"ancestorTitles":[],"failureMessages":[],"fullName":"Support Fastly automatic WebP formatting","location":null,"status":"passed","title":"Support Fastly automatic WebP formatting"},{"ancestorTitles":[],"failureMessages":[],"fullName":"Support Fastly image formatting","location":null,"status":"passed","title":"Support Fastly image formatting"},{"ancestorTitles":[],"failureMessages":[],"fullName":"Support Fastly image compression","location":null,"status":"passed","title":"Support Fastly image compression"},{"ancestorTitles":[],"failureMessages":[],"fullName":"Crop to aspect ratio","location":null,"status":"passed","title":"Crop to aspect ratio"}],"endTime":1571174923539,"message":"","name":"/Users/chneider/repos/Connect.Tech2019/src/atom/Image/Image.test.js","startTime":1571174921221,"status":"passed","summary":""}],"wasInterrupted":false}