{"numFailedTestSuites":0,"numFailedTests":0,"numPassedTestSuites":3,"numPassedTests":16,"numPendingTestSuites":0,"numPendingTests":0,"numRuntimeErrorTestSuites":0,"numTodoTests":1,"numTotalTestSuites":3,"numTotalTests":17,"openHandles":[],"snapshot":{"added":0,"didUpdate":false,"failure":false,"filesAdded":0,"filesRemoved":0,"filesRemovedList":[],"filesUnmatched":0,"filesUpdated":0,"matched":2,"total":2,"unchecked":0,"uncheckedKeysByFile":[],"unmatched":0,"updated":0},"startTime":1571252765960,"success":true,"testResults":[{"assertionResults":[{"ancestorTitles":[],"failureMessages":[],"fullName":"Converts Base Image URL to HTTPS","location":null,"status":"passed","title":"Converts Base Image URL to HTTPS"},{"ancestorTitles":[],"failureMessages":[],"fullName":"Strip deprecated query params from Base Image URL","location":null,"status":"passed","title":"Strip deprecated query params from Base Image URL"},{"ancestorTitles":[],"failureMessages":[],"fullName":"Convert deprecated domains to Fastly (s.w-x.co)","location":null,"status":"passed","title":"Convert deprecated domains to Fastly (s.w-x.co)"},{"ancestorTitles":[],"failureMessages":[],"fullName":"URI encode image src","location":null,"status":"passed","title":"URI encode image src"},{"ancestorTitles":[],"failureMessages":[],"fullName":"Provide a default srcset and fallback src for SSR images","location":null,"status":"passed","title":"Provide a default srcset and fallback src for SSR images"},{"ancestorTitles":[],"failureMessages":[],"fullName":"Allow srcSet over-ride for SSR","location":null,"status":"passed","title":"Allow srcSet over-ride for SSR"},{"ancestorTitles":[],"failureMessages":[],"fullName":"Lazy images should have not have src or srcSet defined on load","location":null,"status":"passed","title":"Lazy images should have not have src or srcSet defined on load"},{"ancestorTitles":[],"failureMessages":[],"fullName":"Animated GIF src should be cropped but not have srcSet, sizes, or any Url options","location":null,"status":"passed","title":"Animated GIF src should be cropped but not have srcSet, sizes, or any Url options"},{"ancestorTitles":[],"failureMessages":[],"fullName":"Lazy Image should calculate closest Image breakpoint width","location":null,"status":"passed","title":"Lazy Image should calculate closest Image breakpoint width"},{"ancestorTitles":[],"failureMessages":[],"fullName":"Should warn if width is not a valid breakpoint","location":null,"status":"passed","title":"Should warn if width is not a valid breakpoint"},{"ancestorTitles":[],"failureMessages":[],"fullName":"Support Fastly automatic WebP formatting","location":null,"status":"passed","title":"Support Fastly automatic WebP formatting"},{"ancestorTitles":[],"failureMessages":[],"fullName":"Support Fastly image formatting","location":null,"status":"passed","title":"Support Fastly image formatting"},{"ancestorTitles":[],"failureMessages":[],"fullName":"Support Fastly image compression","location":null,"status":"passed","title":"Support Fastly image compression"},{"ancestorTitles":[],"failureMessages":[],"fullName":"Crop to aspect ratio","location":null,"status":"passed","title":"Crop to aspect ratio"},{"ancestorTitles":[],"failureMessages":[],"fullName":"Write more Tests!","location":null,"status":"todo","title":"Write more Tests!"}],"endTime":1571252772711,"message":"","name":"/Users/chneider/repos/Connect.Tech2019/src/atom/Image/Image.test.js","startTime":1571252766993,"status":"passed","summary":""},{"assertionResults":[{"ancestorTitles":[],"failureMessages":[],"fullName":"Button: Image Diff","location":null,"status":"passed","title":"Button: Image Diff"}],"endTime":1571252773264,"message":"","name":"/Users/chneider/repos/Connect.Tech2019/src/atom/Button/Button.test.js","startTime":1571252766991,"status":"passed","summary":""},{"assertionResults":[{"ancestorTitles":[],"failureMessages":[],"fullName":"DailyForecast: Image Diff","location":null,"status":"passed","title":"DailyForecast: Image Diff"}],"endTime":1571252773673,"message":"","name":"/Users/chneider/repos/Connect.Tech2019/src/organism/DailyForecast/DailyForecast.test.js","startTime":1571252766995,"status":"passed","summary":""}],"wasInterrupted":false}